This is pdfTeX, Version 3.1415926-2.5-1.40.14 (TeX Live 2013/Debian) (format=pdflatex 2016.11.19)  8 MAY 2017 15:14
entering extended mode
 restricted \write18 enabled.
 %&-line parsing enabled.
**draft12.tex
(./draft12.tex
LaTeX2e <2011/06/27>
Babel <3.9h> and hyphenation patterns for 2 languages loaded.
(./vldb.cls (/usr/share/texlive/texmf-dist/tex/latex/geometry/geometry.sty
Package: geometry 2010/09/12 v5.6 Page Geometry

(/usr/share/texlive/texmf-dist/tex/latex/graphics/keyval.sty
Package: keyval 1999/03/16 v1.13 key=value parser (DPC)
\KV@toks@=\toks14
)
(/usr/share/texlive/texmf-dist/tex/generic/oberdiek/ifpdf.sty
Package: ifpdf 2011/01/30 v2.3 Provides the ifpdf switch (HO)
Package ifpdf Info: pdfTeX in PDF mode is detected.
)
(/usr/share/texlive/texmf-dist/tex/generic/oberdiek/ifvtex.sty
Package: ifvtex 2010/03/01 v1.5 Detect VTeX and its facilities (HO)
Package ifvtex Info: VTeX not detected.
)
(/usr/share/texlive/texmf-dist/tex/generic/ifxetex/ifxetex.sty
Package: ifxetex 2010/09/12 v0.6 Provides ifxetex conditional
)
\Gm@cnth=\count79
\Gm@cntv=\count80
\c@Gm@tempcnt=\count81
\Gm@bindingoffset=\dimen102
\Gm@wd@mp=\dimen103
\Gm@odd@mp=\dimen104
\Gm@even@mp=\dimen105
\Gm@layoutwidth=\dimen106
\Gm@layoutheight=\dimen107
\Gm@layouthoffset=\dimen108
\Gm@layoutvoffset=\dimen109
\Gm@dimlist=\toks15
)
(/usr/share/texlive/texmf-dist/tex/latex/graphics/epsfig.sty
Package: epsfig 1999/02/16 v1.7a (e)psfig emulation (SPQR)

(/usr/share/texlive/texmf-dist/tex/latex/graphics/graphicx.sty
Package: graphicx 1999/02/16 v1.0f Enhanced LaTeX Graphics (DPC,SPQR)

(/usr/share/texlive/texmf-dist/tex/latex/graphics/graphics.sty
Package: graphics 2009/02/05 v1.0o Standard LaTeX Graphics (DPC,SPQR)

(/usr/share/texlive/texmf-dist/tex/latex/graphics/trig.sty
Package: trig 1999/03/16 v1.09 sin cos tan (DPC)
)
(/usr/share/texlive/texmf-dist/tex/latex/latexconfig/graphics.cfg
File: graphics.cfg 2010/04/23 v1.9 graphics configuration of TeX Live
)
Package graphics Info: Driver file: pdftex.def on input line 91.

(/usr/share/texlive/texmf-dist/tex/latex/pdftex-def/pdftex.def
File: pdftex.def 2011/05/27 v0.06d Graphics/color for pdfTeX

(/usr/share/texlive/texmf-dist/tex/generic/oberdiek/infwarerr.sty
Package: infwarerr 2010/04/08 v1.3 Providing info/warning/error messages (HO)
)
(/usr/share/texlive/texmf-dist/tex/generic/oberdiek/ltxcmds.sty
Package: ltxcmds 2011/11/09 v1.22 LaTeX kernel commands for general use (HO)
)
\Gread@gobject=\count82
))
\Gin@req@height=\dimen110
\Gin@req@width=\dimen111
)
\epsfxsize=\dimen112
\epsfysize=\dimen113
)
(/usr/share/texlive/texmf-dist/tex/latex/amsfonts/amssymb.sty
Package: amssymb 2013/01/14 v3.01 AMS font symbols

(/usr/share/texlive/texmf-dist/tex/latex/amsfonts/amsfonts.sty
Package: amsfonts 2013/01/14 v3.01 Basic AMSFonts support
\@emptytoks=\toks16
\symAMSa=\mathgroup4
\symAMSb=\mathgroup5
LaTeX Font Info:    Overwriting math alphabet `\mathfrak' in version `bold'
(Font)                  U/euf/m/n --> U/euf/b/n on input line 106.
))
(/usr/share/texlive/texmf-dist/tex/latex/amsmath/amsmath.sty
Package: amsmath 2013/01/14 v2.14 AMS math features
\@mathmargin=\skip41

For additional information on amsmath, use the `?' option.
(/usr/share/texlive/texmf-dist/tex/latex/amsmath/amstext.sty
Package: amstext 2000/06/29 v2.01

(/usr/share/texlive/texmf-dist/tex/latex/amsmath/amsgen.sty
File: amsgen.sty 1999/11/30 v2.0
\@emptytoks=\toks17
\ex@=\dimen114
))
(/usr/share/texlive/texmf-dist/tex/latex/amsmath/amsbsy.sty
Package: amsbsy 1999/11/29 v1.2d
\pmbraise@=\dimen115
)
(/usr/share/texlive/texmf-dist/tex/latex/amsmath/amsopn.sty
Package: amsopn 1999/12/14 v2.01 operator names
)
\inf@bad=\count83
LaTeX Info: Redefining \frac on input line 210.
\uproot@=\count84
\leftroot@=\count85
LaTeX Info: Redefining \overline on input line 306.
\classnum@=\count86
\DOTSCASE@=\count87
LaTeX Info: Redefining \ldots on input line 378.
LaTeX Info: Redefining \dots on input line 381.
LaTeX Info: Redefining \cdots on input line 466.
\Mathstrutbox@=\box26
\strutbox@=\box27
\big@size=\dimen116
LaTeX Font Info:    Redeclaring font encoding OML on input line 566.
LaTeX Font Info:    Redeclaring font encoding OMS on input line 567.
\macc@depth=\count88
\c@MaxMatrixCols=\count89
\dotsspace@=\muskip10
\c@parentequation=\count90
\dspbrk@lvl=\count91
\tag@help=\toks18
\row@=\count92
\column@=\count93
\maxfields@=\count94
\andhelp@=\toks19
\eqnshift@=\dimen117
\alignsep@=\dimen118
\tagshift@=\dimen119
\tagwidth@=\dimen120
\totwidth@=\dimen121
\lineht@=\dimen122
\@envbody=\toks20
\multlinegap=\skip42
\multlinetaggap=\skip43
\mathdisplay@stack=\toks21
LaTeX Info: Redefining \[ on input line 2665.
LaTeX Info: Redefining \] on input line 2666.
)
Document Class 'vldb' - based on 'sig-alternate' <26th. July '05>. Modified by 
G.K.M. Tobin/Gerry Murray
Based in part upon document Style `acmconf' <22 May 89>. Hacked 4/91 by
shivers@cs.cmu.edu, 4/93 by theobald@cs.mcgill.ca
Excerpts were taken from (Journal Style) 'esub2acm.cls'.
****** Bugs/comments/suggestions/technicalities to Gerry Murray -- murray@hq.ac
m.org ******
Questions on the style, SIGS policies, etc. to Adrienne Griscti griscti@acm.org

\footheight=\dimen123
\@maxsep=\dimen124
\@dblmaxsep=\dimen125
\aucount=\count95
\originalaucount=\count96
\auwidth=\dimen126
\auskip=\dimen127
\auskipcount=\count97
\auskip=\dimen128
\allauboxes=\dimen129
\addauthors=\toks22
\addauflag=\count98
\subtitletext=\toks23
\savesection=\count99
\sectioncntr=\count100
\c@figure=\count101
\c@table=\count102
\titleboxnotes=\toks24
\titleboxnoteflag=\count103
Document Class: vldb 2010/10/19 - V1.8b - based on sig-alternate V1.8 - based o
n acmproc.cls V1.3 <Nov. 30 '99>
(/usr/share/texlive/texmf-dist/tex/latex/base/latexsym.sty
Package: latexsym 1998/08/17 v2.2e Standard LaTeX package (lasy symbols)
\symlasy=\mathgroup6
LaTeX Font Info:    Overwriting symbol font `lasy' in version `bold'
(Font)                  U/lasy/m/n --> U/lasy/b/n on input line 47.
)
\@acmtitlebox=\box28
\titlenotecount=\count104
\tntoks=\toks25
\tntokstwo=\toks26
\tntoksthree=\toks27
\tntoksfour=\toks28
\tntoksfive=\toks29
\catcount=\count105
\copyrightnotice=\toks30
\conf=\toks31
\confinfo=\toks32
\c@part=\count106
\c@section=\count107
\c@subsection=\count108
\c@subsubsection=\count109
\c@paragraph=\count110

Using 'Abbrev' bibliography style
\bibindent=\dimen130
\colcntr=\count111
\savebox=\box29
\copyrtyr=\toks33
\acmcopyr=\toks34
\boilerplate=\toks35
\copyrightetc=\toks36
) (/usr/share/texlive/texmf-dist/tex/latex/preprint/balance.sty
Package: balance 1999/02/23 4.3 (PWD)
\oldvsize=\dimen131
)
(/usr/share/texmf/tex/latex/pgf/frontendlayer/tikz.sty
(/usr/share/texmf/tex/latex/pgf/basiclayer/pgf.sty
(/usr/share/texmf/tex/latex/pgf/utilities/pgfrcs.sty
(/usr/share/texmf/tex/generic/pgf/utilities/pgfutil-common.tex
\pgfutil@everybye=\toks37
)
(/usr/share/texmf/tex/generic/pgf/utilities/pgfutil-latex.def
\pgfutil@abb=\box30

(/usr/share/texlive/texmf-dist/tex/latex/ms/everyshi.sty
Package: everyshi 2001/05/15 v3.00 EveryShipout Package (MS)
))
(/usr/share/texmf/tex/generic/pgf/utilities/pgfrcs.code.tex
Package: pgfrcs 2010/10/25 v2.10 (rcs-revision 1.24)
))
Package: pgf 2008/01/15 v2.10 (rcs-revision 1.12)

(/usr/share/texmf/tex/latex/pgf/basiclayer/pgfcore.sty
(/usr/share/texmf/tex/latex/pgf/systemlayer/pgfsys.sty
(/usr/share/texmf/tex/generic/pgf/systemlayer/pgfsys.code.tex
Package: pgfsys 2010/06/30 v2.10 (rcs-revision 1.37)

(/usr/share/texmf/tex/generic/pgf/utilities/pgfkeys.code.tex
\pgfkeys@pathtoks=\toks38
\pgfkeys@temptoks=\toks39

(/usr/share/texmf/tex/generic/pgf/utilities/pgfkeysfiltered.code.tex
\pgfkeys@tmptoks=\toks40
))
\pgf@x=\dimen132
\pgf@y=\dimen133
\pgf@xa=\dimen134
\pgf@ya=\dimen135
\pgf@xb=\dimen136
\pgf@yb=\dimen137
\pgf@xc=\dimen138
\pgf@yc=\dimen139
\w@pgf@writea=\write3
\r@pgf@reada=\read1
\c@pgf@counta=\count112
\c@pgf@countb=\count113
\c@pgf@countc=\count114
\c@pgf@countd=\count115

(/usr/share/texmf/tex/generic/pgf/systemlayer/pgf.cfg
File: pgf.cfg 2008/05/14  (rcs-revision 1.7)
)
Package pgfsys Info: Driver file for pgf: pgfsys-pdftex.def on input line 900.

(/usr/share/texmf/tex/generic/pgf/systemlayer/pgfsys-pdftex.def
File: pgfsys-pdftex.def 2009/05/22  (rcs-revision 1.26)

(/usr/share/texmf/tex/generic/pgf/systemlayer/pgfsys-common-pdf.def
File: pgfsys-common-pdf.def 2008/05/19  (rcs-revision 1.10)
)))
(/usr/share/texmf/tex/generic/pgf/systemlayer/pgfsyssoftpath.code.tex
File: pgfsyssoftpath.code.tex 2008/07/18  (rcs-revision 1.7)
\pgfsyssoftpath@smallbuffer@items=\count116
\pgfsyssoftpath@bigbuffer@items=\count117
)
(/usr/share/texmf/tex/generic/pgf/systemlayer/pgfsysprotocol.code.tex
File: pgfsysprotocol.code.tex 2006/10/16  (rcs-revision 1.4)
))
(/usr/share/texmf/tex/latex/xcolor/xcolor.sty
Package: xcolor 2007/01/21 v2.11 LaTeX color extensions (UK)

(/usr/share/texlive/texmf-dist/tex/latex/latexconfig/color.cfg
File: color.cfg 2007/01/18 v1.5 color configuration of teTeX/TeXLive
)
Package xcolor Info: Driver file: pdftex.def on input line 225.
Package xcolor Info: Model `cmy' substituted by `cmy0' on input line 1337.
Package xcolor Info: Model `hsb' substituted by `rgb' on input line 1341.
Package xcolor Info: Model `RGB' extended on input line 1353.
Package xcolor Info: Model `HTML' substituted by `rgb' on input line 1355.
Package xcolor Info: Model `Hsb' substituted by `hsb' on input line 1356.
Package xcolor Info: Model `tHsb' substituted by `hsb' on input line 1357.
Package xcolor Info: Model `HSB' substituted by `hsb' on input line 1358.
Package xcolor Info: Model `Gray' substituted by `gray' on input line 1359.
Package xcolor Info: Model `wave' substituted by `hsb' on input line 1360.
)
(/usr/share/texmf/tex/generic/pgf/basiclayer/pgfcore.code.tex
Package: pgfcore 2010/04/11 v2.10 (rcs-revision 1.7)

(/usr/share/texmf/tex/generic/pgf/math/pgfmath.code.tex
(/usr/share/texmf/tex/generic/pgf/math/pgfmathcalc.code.tex
(/usr/share/texmf/tex/generic/pgf/math/pgfmathutil.code.tex)
(/usr/share/texmf/tex/generic/pgf/math/pgfmathparser.code.tex
\pgfmath@dimen=\dimen140
\pgfmath@count=\count118
\pgfmath@box=\box31
\pgfmath@toks=\toks41
\pgfmath@stack@operand=\toks42
\pgfmath@stack@operation=\toks43
)
(/usr/share/texmf/tex/generic/pgf/math/pgfmathfunctions.code.tex
(/usr/share/texmf/tex/generic/pgf/math/pgfmathfunctions.basic.code.tex)
(/usr/share/texmf/tex/generic/pgf/math/pgfmathfunctions.trigonometric.code.tex)
(/usr/share/texmf/tex/generic/pgf/math/pgfmathfunctions.random.code.tex)
(/usr/share/texmf/tex/generic/pgf/math/pgfmathfunctions.comparison.code.tex)
(/usr/share/texmf/tex/generic/pgf/math/pgfmathfunctions.base.code.tex)
(/usr/share/texmf/tex/generic/pgf/math/pgfmathfunctions.round.code.tex)
(/usr/share/texmf/tex/generic/pgf/math/pgfmathfunctions.misc.code.tex)))
(/usr/share/texmf/tex/generic/pgf/math/pgfmathfloat.code.tex
\c@pgfmathroundto@lastzeros=\count119
))
(/usr/share/texmf/tex/generic/pgf/basiclayer/pgfcorepoints.code.tex
File: pgfcorepoints.code.tex 2010/04/09  (rcs-revision 1.20)
\pgf@picminx=\dimen141
\pgf@picmaxx=\dimen142
\pgf@picminy=\dimen143
\pgf@picmaxy=\dimen144
\pgf@pathminx=\dimen145
\pgf@pathmaxx=\dimen146
\pgf@pathminy=\dimen147
\pgf@pathmaxy=\dimen148
\pgf@xx=\dimen149
\pgf@xy=\dimen150
\pgf@yx=\dimen151
\pgf@yy=\dimen152
\pgf@zx=\dimen153
\pgf@zy=\dimen154
)
(/usr/share/texmf/tex/generic/pgf/basiclayer/pgfcorepathconstruct.code.tex
File: pgfcorepathconstruct.code.tex 2010/08/03  (rcs-revision 1.24)
\pgf@path@lastx=\dimen155
\pgf@path@lasty=\dimen156
)
(/usr/share/texmf/tex/generic/pgf/basiclayer/pgfcorepathusage.code.tex
File: pgfcorepathusage.code.tex 2008/04/22  (rcs-revision 1.12)
\pgf@shorten@end@additional=\dimen157
\pgf@shorten@start@additional=\dimen158
)
(/usr/share/texmf/tex/generic/pgf/basiclayer/pgfcorescopes.code.tex
File: pgfcorescopes.code.tex 2010/09/08  (rcs-revision 1.34)
\pgfpic=\box32
\pgf@hbox=\box33
\pgf@layerbox@main=\box34
\pgf@picture@serial@count=\count120
)
(/usr/share/texmf/tex/generic/pgf/basiclayer/pgfcoregraphicstate.code.tex
File: pgfcoregraphicstate.code.tex 2008/04/22  (rcs-revision 1.9)
\pgflinewidth=\dimen159
)
(/usr/share/texmf/tex/generic/pgf/basiclayer/pgfcoretransformations.code.tex
File: pgfcoretransformations.code.tex 2009/06/10  (rcs-revision 1.11)
\pgf@pt@x=\dimen160
\pgf@pt@y=\dimen161
\pgf@pt@temp=\dimen162
)
(/usr/share/texmf/tex/generic/pgf/basiclayer/pgfcorequick.code.tex
File: pgfcorequick.code.tex 2008/10/09  (rcs-revision 1.3)
)
(/usr/share/texmf/tex/generic/pgf/basiclayer/pgfcoreobjects.code.tex
File: pgfcoreobjects.code.tex 2006/10/11  (rcs-revision 1.2)
)
(/usr/share/texmf/tex/generic/pgf/basiclayer/pgfcorepathprocessing.code.tex
File: pgfcorepathprocessing.code.tex 2008/10/09  (rcs-revision 1.8)
)
(/usr/share/texmf/tex/generic/pgf/basiclayer/pgfcorearrows.code.tex
File: pgfcorearrows.code.tex 2008/04/23  (rcs-revision 1.11)
)
(/usr/share/texmf/tex/generic/pgf/basiclayer/pgfcoreshade.code.tex
File: pgfcoreshade.code.tex 2008/11/23  (rcs-revision 1.13)
\pgf@max=\dimen163
\pgf@sys@shading@range@num=\count121
)
(/usr/share/texmf/tex/generic/pgf/basiclayer/pgfcoreimage.code.tex
File: pgfcoreimage.code.tex 2010/03/25  (rcs-revision 1.16)

(/usr/share/texmf/tex/generic/pgf/basiclayer/pgfcoreexternal.code.tex
File: pgfcoreexternal.code.tex 2010/09/01  (rcs-revision 1.17)
\pgfexternal@startupbox=\box35
))
(/usr/share/texmf/tex/generic/pgf/basiclayer/pgfcorelayers.code.tex
File: pgfcorelayers.code.tex 2010/08/27  (rcs-revision 1.2)
)
(/usr/share/texmf/tex/generic/pgf/basiclayer/pgfcoretransparency.code.tex
File: pgfcoretransparency.code.tex 2008/01/17  (rcs-revision 1.2)
)
(/usr/share/texmf/tex/generic/pgf/basiclayer/pgfcorepatterns.code.tex
File: pgfcorepatterns.code.tex 2009/07/02  (rcs-revision 1.3)
)))
(/usr/share/texmf/tex/generic/pgf/modules/pgfmoduleshapes.code.tex
File: pgfmoduleshapes.code.tex 2010/09/09  (rcs-revision 1.13)
\pgfnodeparttextbox=\box36
)
(/usr/share/texmf/tex/generic/pgf/modules/pgfmoduleplot.code.tex
File: pgfmoduleplot.code.tex 2010/10/22  (rcs-revision 1.8)
)
(/usr/share/texmf/tex/latex/pgf/compatibility/pgfcomp-version-0-65.sty
Package: pgfcomp-version-0-65 2007/07/03 v2.10 (rcs-revision 1.7)
\pgf@nodesepstart=\dimen164
\pgf@nodesepend=\dimen165
)
(/usr/share/texmf/tex/latex/pgf/compatibility/pgfcomp-version-1-18.sty
Package: pgfcomp-version-1-18 2007/07/23 v2.10 (rcs-revision 1.1)
))
(/usr/share/texmf/tex/latex/pgf/utilities/pgffor.sty
(/usr/share/texmf/tex/latex/pgf/utilities/pgfkeys.sty
(/usr/share/texmf/tex/generic/pgf/utilities/pgfkeys.code.tex))
(/usr/share/texmf/tex/generic/pgf/utilities/pgffor.code.tex
Package: pgffor 2010/03/23 v2.10 (rcs-revision 1.18)
\pgffor@iter=\dimen166
\pgffor@skip=\dimen167
\pgffor@stack=\toks44
\pgffor@toks=\toks45
))
(/usr/share/texmf/tex/generic/pgf/frontendlayer/tikz/tikz.code.tex
Package: tikz 2010/10/13 v2.10 (rcs-revision 1.76)

(/usr/share/texmf/tex/generic/pgf/libraries/pgflibraryplothandlers.code.tex
File: pgflibraryplothandlers.code.tex 2010/05/31 v2.10 (rcs-revision 1.15)
\pgf@plot@mark@count=\count122
\pgfplotmarksize=\dimen168
)
\tikz@lastx=\dimen169
\tikz@lasty=\dimen170
\tikz@lastxsaved=\dimen171
\tikz@lastysaved=\dimen172
\tikzleveldistance=\dimen173
\tikzsiblingdistance=\dimen174
\tikz@figbox=\box37
\tikz@tempbox=\box38
\tikztreelevel=\count123
\tikznumberofchildren=\count124
\tikznumberofcurrentchild=\count125
\tikz@fig@count=\count126

(/usr/share/texmf/tex/generic/pgf/modules/pgfmodulematrix.code.tex
File: pgfmodulematrix.code.tex 2010/08/24  (rcs-revision 1.4)
\pgfmatrixcurrentrow=\count127
\pgfmatrixcurrentcolumn=\count128
\pgf@matrix@numberofcolumns=\count129
)
\tikz@expandcount=\count130

(/usr/share/texmf/tex/generic/pgf/frontendlayer/tikz/libraries/tikzlibrarytopat
hs.code.tex
File: tikzlibrarytopaths.code.tex 2008/06/17 v2.10 (rcs-revision 1.2)
))) (/usr/share/texlive/texmf-dist/tex/latex/wrapfig/wrapfig.sty
\wrapoverhang=\dimen175
\WF@size=\dimen176
\c@WF@wrappedlines=\count131
\WF@box=\box39
\WF@everypar=\toks46
Package: wrapfig 2003/01/31  v 3.6
)
(/usr/share/texmf/tex/generic/pgf/frontendlayer/tikz/libraries/tikzlibraryposit
ioning.code.tex
File: tikzlibrarypositioning.code.tex 2008/10/06 v2.10 (rcs-revision 1.7)
)
(/usr/share/texlive/texmf-dist/tex/latex/algorithm2e/algorithm2e.sty
Package: algorithm2e 2013/01/06 v5.00 algorithms environments
\c@AlgoLine=\count132

(/usr/share/texlive/texmf-dist/tex/latex/base/ifthen.sty
Package: ifthen 2001/05/26 v1.1c Standard LaTeX ifthen package (DPC)
)
(/usr/share/texlive/texmf-dist/tex/latex/tools/xspace.sty
Package: xspace 2009/10/20 v1.13 Space after command names (DPC,MH)
)
(/usr/share/texlive/texmf-dist/tex/latex/relsize/relsize.sty
Package: relsize 2013/03/29 ver 4.1
)
********************************************************
Package `algorithm2e' Release 5.0 -- january 06 2013 --
- algorithm2e-announce@lirmm.fr mailing list for announcement about releases
- algorithm2e-discussion@lirmm.fr mailing list for discussion about package
subscribe by emailing sympa@lirmm.fr with 'subscribe <list> <firstname name>'
- Author: Christophe Fiorio (cfiorio@um2.fr)
********************************************************
\skiptotal=\skip44
\skiplinenumber=\skip45
\skiprule=\skip46
\skiphlne=\skip47
\skiptext=\skip48
\skiplength=\skip49
\algomargin=\skip50
\skipalgocfslide=\skip51
\algowidth=\dimen177
\inoutsize=\dimen178
\inoutindent=\dimen179
\interspacetitleruled=\dimen180
\interspacealgoruled=\dimen181
\interspacetitleboxruled=\dimen182
\algocf@inoutbox=\box40
\algocf@inputbox=\box41
\AlCapSkip=\skip52
\AlCapHSkip=\skip53
\algoskipindent=\skip54
\algocf@nlbox=\box42
\algocf@hangingbox=\box43
\algocf@untilbox=\box44
\algocf@skipuntil=\skip55
\algocf@capbox=\box45
\algoheightruledefault=\skip56
\algoheightrule=\skip57
\algotitleheightruledefault=\skip58
\algotitleheightrule=\skip59
\c@algocfline=\count133
\c@algocfproc=\count134
\c@algocf=\count135
\algocf@algoframe=\box46
\algocf@algobox=\box47
) (/usr/share/texlive/texmf-dist/tex/latex/pgfplots/pgfplots.sty
(/usr/share/texlive/texmf-dist/tex/generic/pgfplots/pgfplots.revision.tex)
Package: pgfplots 2013/10/03 v1.9 Data Visualization (1.9)

(/usr/share/texlive/texmf-dist/tex/generic/pgfplots/pgfplots.code.tex
(/usr/share/texlive/texmf-dist/tex/generic/pgfplots/pgfplotscore.code.tex
\t@pgfplots@toka=\toks47
\t@pgfplots@tokb=\toks48
\t@pgfplots@tokc=\toks49
\pgfplots@tmpa=\dimen183
\c@pgfplots@coordindex=\count136
\c@pgfplots@scanlineindex=\count137

(/usr/share/texlive/texmf-dist/tex/generic/pgfplots/sys/pgfplotssysgeneric.code
.tex))
(/usr/share/texlive/texmf-dist/tex/generic/pgfplots/libs/pgfplotslibrary.code.t
ex)
(/usr/share/texlive/texmf-dist/tex/generic/pgfplots/oldpgfcompatib/pgfplotsoldp
gfsupp_loader.code.tex
Package pgfplots: loading complementary code for your PGF version...

(/usr/share/texlive/texmf-dist/tex/generic/pgfplots/oldpgfcompatib/pgfplotsoldp
gfsupp_misc.code.tex)
(/usr/share/texlive/texmf-dist/tex/generic/pgfplots/oldpgfcompatib/pgfplotsoldp
gfsupp_pgfkeys.code.tex
\pgfkeys@pathtoks=\toks50
\pgfkeys@temptoks=\toks51

(/usr/share/texlive/texmf-dist/tex/generic/pgfplots/oldpgfcompatib/pgfplotsoldp
gfsupp_pgfkeysfiltered.code.tex
\pgfkeys@tmptoks=\toks52
))
(/usr/share/texlive/texmf-dist/tex/generic/pgfplots/oldpgfcompatib/pgfplotsoldp
gfsupp_pgfmathfloat.code.tex
\c@pgfmathroundto@lastzeros=\count138
)
(/usr/share/texlive/texmf-dist/tex/generic/pgfplots/oldpgfcompatib/pgfplotsoldp
gfsupp_pgflibraryplothandlers.code.tex
File: pgflibraryplothandlers.code.tex 2012/09/11 v2.10 (rcs-revision 1.17)
\pgf@plot@mark@count=\count139
\pgfplotmarksize=\dimen184
)
(/usr/share/texlive/texmf-dist/tex/generic/pgfplots/oldpgfcompatib/pgfplotsoldp
gfsupp_pgflibraryfpu.code.tex)
(/usr/share/texlive/texmf-dist/tex/generic/pgfplots/oldpgfcompatib/pgfplotsoldp
gfsupp_pgfcorescopes.code.tex
File: pgfcorescopes.code.tex 2012/11/30  (rcs-revision 1.38)
\pgfpic=\box48
\pgf@hbox=\box49
\pgf@layerbox@main=\box50
\pgf@picture@serial@count=\count140
)
(/usr/share/texlive/texmf-dist/tex/generic/pgfplots/oldpgfcompatib/pgfplotsoldp
gfsupp_pgfcorelayers.code.tex
File: pgfcorelayers.code.tex 2012/11/07  (rcs-revision 1.5)
))
(/usr/share/texlive/texmf-dist/tex/generic/pgfplots/util/pgfplotsutil.code.tex
(/usr/share/texlive/texmf-dist/tex/generic/pgfplots/liststructure/pgfplotslists
tructure.code.tex)
(/usr/share/texlive/texmf-dist/tex/generic/pgfplots/liststructure/pgfplotslists
tructureext.code.tex)
(/usr/share/texlive/texmf-dist/tex/generic/pgfplots/liststructure/pgfplotsarray
.code.tex
\c@pgfplotsarray@tmp=\count141
)
(/usr/share/texlive/texmf-dist/tex/generic/pgfplots/liststructure/pgfplotsmatri
x.code.tex)
(/usr/share/texlive/texmf-dist/tex/generic/pgfplots/numtable/pgfplotstableshare
d.code.tex
\c@pgfplotstable@counta=\count142
\t@pgfplotstable@a=\toks53
)
(/usr/share/texlive/texmf-dist/tex/generic/pgfplots/liststructure/pgfplotsdeque
.code.tex)
(/usr/share/texlive/texmf-dist/tex/generic/pgfplots/util/pgfplotsbinary.code.te
x
(/usr/share/texlive/texmf-dist/tex/generic/pgfplots/util/pgfplotsbinary.data.co
de.tex))
(/usr/share/texlive/texmf-dist/tex/generic/pgfplots/util/pgfplotsutil.verb.code
.tex)
(/usr/share/texlive/texmf-dist/tex/generic/pgfplots/libs/pgflibrarypgfplots.sur
fshading.code.tex
\c@pgfplotslibrarysurf@no=\count143

(/usr/share/texlive/texmf-dist/tex/generic/pgfplots/sys/pgflibrarypgfplots.surf
shading.pgfsys-pdftex.def)))
(/usr/share/texlive/texmf-dist/tex/generic/pgfplots/util/pgfplotscolormap.code.
tex
(/usr/share/texlive/texmf-dist/tex/generic/pgfplots/util/pgfplotscolor.code.tex
))
(/usr/share/texlive/texmf-dist/tex/generic/pgfplots/pgfplotsstackedplots.code.t
ex)
(/usr/share/texlive/texmf-dist/tex/generic/pgfplots/pgfplotsplothandlers.code.t
ex
(/usr/share/texlive/texmf-dist/tex/generic/pgfplots/pgfplotsmeshplothandler.cod
e.tex))
(/usr/share/texlive/texmf-dist/tex/generic/pgfplots/pgfplots.scaling.code.tex)
(/usr/share/texlive/texmf-dist/tex/generic/pgfplots/pgfplotscoordprocessing.cod
e.tex)
(/usr/share/texlive/texmf-dist/tex/generic/pgfplots/pgfplots.errorbars.code.tex
) (/usr/share/texlive/texmf-dist/tex/generic/pgfplots/pgfplots.markers.code.tex
) (/usr/share/texlive/texmf-dist/tex/generic/pgfplots/pgfplotsticks.code.tex)
(/usr/share/texlive/texmf-dist/tex/generic/pgfplots/pgfplots.paths.code.tex)
(/usr/share/texmf/tex/generic/pgf/frontendlayer/tikz/libraries/tikzlibrarydecor
ations.code.tex
(/usr/share/texmf/tex/generic/pgf/modules/pgfmoduledecorations.code.tex
\pgfdecoratedcompleteddistance=\dimen185
\pgfdecoratedremainingdistance=\dimen186
\pgfdecoratedinputsegmentcompleteddistance=\dimen187
\pgfdecoratedinputsegmentremainingdistance=\dimen188
\pgf@decorate@distancetomove=\dimen189
\pgf@decorate@repeatstate=\count144
\pgfdecorationsegmentamplitude=\dimen190
\pgfdecorationsegmentlength=\dimen191
)
\tikz@lib@dec@box=\box51
)
(/usr/share/texmf/tex/generic/pgf/frontendlayer/tikz/libraries/tikzlibrarydecor
ations.pathmorphing.code.tex
(/usr/share/texmf/tex/generic/pgf/libraries/decorations/pgflibrarydecorations.p
athmorphing.code.tex))
(/usr/share/texmf/tex/generic/pgf/frontendlayer/tikz/libraries/tikzlibrarydecor
ations.pathreplacing.code.tex
(/usr/share/texmf/tex/generic/pgf/libraries/decorations/pgflibrarydecorations.p
athreplacing.code.tex))
\pgfplots@numplots=\count145
\pgfplots@xmin@reg=\dimen192
\pgfplots@xmax@reg=\dimen193
\pgfplots@ymin@reg=\dimen194
\pgfplots@ymax@reg=\dimen195
\pgfplots@zmin@reg=\dimen196
\pgfplots@zmax@reg=\dimen197
)
(/usr/share/texmf/tex/generic/pgf/frontendlayer/tikz/libraries/tikzlibraryplotm
arks.code.tex
File: tikzlibraryplotmarks.code.tex 2008/01/09 v2.10 (rcs-revision 1.1)

(/usr/share/texmf/tex/generic/pgf/libraries/pgflibraryplotmarks.code.tex
File: pgflibraryplotmarks.code.tex 2010/10/15 v2.10 (rcs-revision 1.12)
)))
(/usr/share/texlive/texmf-dist/tex/latex/adjustbox/adjustbox.sty
Package: adjustbox 2012/05/21 v1.0 Adjusting TeX boxes (trim, clip, ...)

(/usr/share/texlive/texmf-dist/tex/latex/xkeyval/xkeyval.sty
Package: xkeyval 2012/10/14 v2.6b package option processing (HA)

(/usr/share/texlive/texmf-dist/tex/generic/xkeyval/xkeyval.tex
\XKV@toks=\toks54
\XKV@tempa@toks=\toks55
\XKV@depth=\count146
File: xkeyval.tex 2012/10/14 v2.6b key=value parser (HA)
))
(/usr/share/texlive/texmf-dist/tex/latex/adjustbox/adjcalc.sty
Package: adjcalc 2012/05/16 v1.1 Provides advanced setlength with multiple back
-ends (calc, etex, pgfmath)
)
(/usr/share/texlive/texmf-dist/tex/latex/adjustbox/trimclip.sty
Package: trimclip 2012/05/16 v1.0 Trim and clip general TeX material

(/usr/share/texlive/texmf-dist/tex/latex/collectbox/collectbox.sty
Package: collectbox 2012/05/17 v0.4b Collect macro arguments as boxes
\collectedbox=\box52
)
\tc@llx=\dimen198
\tc@lly=\dimen199
\tc@urx=\dimen200
\tc@ury=\dimen201
Package trimclip Info: Using driver 'tc-pdftex.def'.

(/usr/share/texlive/texmf-dist/tex/latex/adjustbox/tc-pdftex.def
File: tc-pdftex.def 2012/05/13 v1.0 Clipping driver for pdftex
))
\adjbox@Width=\dimen202
\adjbox@Height=\dimen203
\adjbox@Depth=\dimen204
\adjbox@Totalheight=\dimen205

(/usr/share/texlive/texmf-dist/tex/latex/ifoddpage/ifoddpage.sty
Package: ifoddpage 2011/09/13 v1.0 Conditionals for odd/even page detection
\c@checkoddpage=\count147
)
(/usr/share/texlive/texmf-dist/tex/latex/varwidth/varwidth.sty
Package: varwidth 2009/03/30 ver 0.92;  Variable-width minipages
\@vwid@box=\box53
\sift@deathcycles=\count148
\@vwid@loff=\dimen206
\@vwid@roff=\dimen207
))
(/usr/share/texlive/texmf-dist/tex/latex/tools/multicol.sty
Package: multicol 2011/06/27 v1.7a multicolumn formatting (FMi)
\c@tracingmulticols=\count149
\mult@box=\box54
\multicol@leftmargin=\dimen208
\c@unbalance=\count150
\c@collectmore=\count151
\doublecol@number=\count152
\multicoltolerance=\count153
\multicolpretolerance=\count154
\full@width=\dimen209
\page@free=\dimen210
\premulticols=\dimen211
\postmulticols=\dimen212
\multicolsep=\skip60
\multicolbaselineskip=\skip61
\partial@page=\box55
\last@line=\box56
\mult@rightbox=\box57
\mult@grightbox=\box58
\mult@gfirstbox=\box59
\mult@firstbox=\box60
\@tempa=\box61
\@tempa=\box62
\@tempa=\box63
\@tempa=\box64
\@tempa=\box65
\@tempa=\box66
\@tempa=\box67
\@tempa=\box68
\@tempa=\box69
\@tempa=\box70
\@tempa=\box71
\@tempa=\box72
\@tempa=\box73
\@tempa=\box74
\@tempa=\box75
\@tempa=\box76
\@tempa=\box77
\c@columnbadness=\count155
\c@finalcolumnbadness=\count156
\last@try=\dimen213
\multicolovershoot=\dimen214
\multicolundershoot=\dimen215
\mult@nat@firstbox=\box78
\colbreak@box=\box79
\multicol@sort@counter=\count157
)
(/usr/share/texlive/texmf-dist/tex/latex/cite/cite.sty
LaTeX Info: Redefining \cite on input line 302.
LaTeX Info: Redefining \nocite on input line 373.
Package: cite 2010/09/10  v 5.3
)
(/usr/share/texlive/texmf-dist/tex/latex/algorithmicx/algpseudocode.sty
Package: algpseudocode 

(/usr/share/texlive/texmf-dist/tex/latex/algorithmicx/algorithmicx.sty
Package: algorithmicx 2005/04/27 v1.2 Algorithmicx

Document Style algorithmicx 1.2 - a greatly improved `algorithmic' style
\c@ALG@line=\count158
\c@ALG@rem=\count159
\c@ALG@nested=\count160
\ALG@tlm=\skip62
\ALG@thistlm=\skip63
\c@ALG@Lnr=\count161
\c@ALG@blocknr=\count162
\c@ALG@storecount=\count163
\c@ALG@tmpcounter=\count164
\ALG@tmplength=\skip64
)
Document Style - pseudocode environments for use with the `algorithmicx' style
) (./draft12.aux)
\openout1 = `draft12.aux'.

LaTeX Font Info:    Checking defaults for OML/cmm/m/it on input line 26.
LaTeX Font Info:    ... okay on input line 26.
LaTeX Font Info:    Checking defaults for T1/cmr/m/n on input line 26.
LaTeX Font Info:    ... okay on input line 26.
LaTeX Font Info:    Checking defaults for OT1/cmr/m/n on input line 26.
LaTeX Font Info:    ... okay on input line 26.
LaTeX Font Info:    Checking defaults for OMS/cmsy/m/n on input line 26.
LaTeX Font Info:    ... okay on input line 26.
LaTeX Font Info:    Checking defaults for OMX/cmex/m/n on input line 26.
LaTeX Font Info:    ... okay on input line 26.
LaTeX Font Info:    Checking defaults for U/cmr/m/n on input line 26.
LaTeX Font Info:    ... okay on input line 26.

*geometry* detected driver: pdftex
*geometry* verbose mode - [ preamble ] result:
* driver: pdftex
* paper: letterpaper
* layout: <same size as paper>
* layoutoffset:(h,v)=(0.0pt,0.0pt)
* modes: twoside 
* h-part:(L,W,R)=(92.14519pt, 430.00462pt, 92.14519pt)
* v-part:(T,H,B)=(95.39737pt, 556.47656pt, 143.09605pt)
* \paperwidth=614.295pt
* \paperheight=794.96999pt
* \textwidth=504.0pt
* \textheight=666.0pt
* \oddsidemargin=-18.26999pt
* \evensidemargin=-18.26999pt
* \topmargin=-55.26999pt
* \headheight=12.0pt
* \headsep=25.0pt
* \topskip=10.0pt
* \footskip=30.0pt
* \marginparwidth=0.0pt
* \marginparsep=11.0pt
* \columnsep=24.0pt
* \skip\footins=8.1pt plus 4.0pt minus 2.0pt
* \hoffset=0.0pt
* \voffset=0.0pt
* \mag=1000
* \@twocolumntrue
* \@twosidetrue
* \@mparswitchtrue
* \@reversemarginfalse
* (1in=72.27pt=25.4mm, 1cm=28.453pt)

(/usr/share/texlive/texmf-dist/tex/context/base/supp-pdf.mkii
[Loading MPS to PDF converter (version 2006.09.02).]
\scratchcounter=\count165
\scratchdimen=\dimen216
\scratchbox=\box80
\nofMPsegments=\count166
\nofMParguments=\count167
\everyMPshowfont=\toks56
\MPscratchCnt=\count168
\MPscratchDim=\dimen217
\MPnumerator=\count169
\makeMPintoPDFobject=\count170
\everyMPtoPDFconversion=\toks57
) (/usr/share/texlive/texmf-dist/tex/generic/oberdiek/pdftexcmds.sty
Package: pdftexcmds 2011/11/29 v0.20 Utility functions of pdfTeX for LuaTeX (HO
)

(/usr/share/texlive/texmf-dist/tex/generic/oberdiek/ifluatex.sty
Package: ifluatex 2010/03/01 v1.3 Provides the ifluatex switch (HO)
Package ifluatex Info: LuaTeX not detected.
)
Package pdftexcmds Info: LuaTeX not detected.
Package pdftexcmds Info: \pdf@primitive is available.
Package pdftexcmds Info: \pdf@ifprimitive is available.
Package pdftexcmds Info: \pdfdraftmode found.
)
(/usr/share/texlive/texmf-dist/tex/latex/oberdiek/epstopdf-base.sty
Package: epstopdf-base 2010/02/09 v2.5 Base part for package epstopdf

(/usr/share/texlive/texmf-dist/tex/latex/oberdiek/grfext.sty
Package: grfext 2010/08/19 v1.1 Manage graphics extensions (HO)

(/usr/share/texlive/texmf-dist/tex/generic/oberdiek/kvdefinekeys.sty
Package: kvdefinekeys 2011/04/07 v1.3 Define keys (HO)
))
(/usr/share/texlive/texmf-dist/tex/latex/oberdiek/kvoptions.sty
Package: kvoptions 2011/06/30 v3.11 Key value format for package options (HO)

(/usr/share/texlive/texmf-dist/tex/generic/oberdiek/kvsetkeys.sty
Package: kvsetkeys 2012/04/25 v1.16 Key value parser (HO)

(/usr/share/texlive/texmf-dist/tex/generic/oberdiek/etexcmds.sty
Package: etexcmds 2011/02/16 v1.5 Avoid name clashes with e-TeX commands (HO)
Package etexcmds Info: Could not find \expanded.
(etexcmds)             That can mean that you are not using pdfTeX 1.50 or
(etexcmds)             that some package has redefined \expanded.
(etexcmds)             In the latter case, load this package earlier.
)))
Package grfext Info: Graphics extension search list:
(grfext)             [.png,.pdf,.jpg,.mps,.jpeg,.jbig2,.jb2,.PNG,.PDF,.JPG,.JPE
G,.JBIG2,.JB2,.eps]
(grfext)             \AppendGraphicsExtensions on input line 452.

(/usr/share/texlive/texmf-dist/tex/latex/latexconfig/epstopdf-sys.cfg
File: epstopdf-sys.cfg 2010/07/13 v1.3 Configuration of (r)epstopdf for TeX Liv
e
))
ABD: EveryShipout initializing macros

Package pgfplots Warning: running in backwards compatibility mode (unsuitable t
ick labels; missing features). Consider writing \pgfplotsset{compat=1.9} into y
our preamble.
 on input line 26.

LaTeX Font Info:    Try loading font information for U+msa on input line 35.
(/usr/share/texlive/texmf-dist/tex/latex/amsfonts/umsa.fd
File: umsa.fd 2013/01/14 v3.01 AMS symbols A
)
LaTeX Font Info:    Try loading font information for U+msb on input line 35.

(/usr/share/texlive/texmf-dist/tex/latex/amsfonts/umsb.fd
File: umsb.fd 2013/01/14 v3.01 AMS symbols B
)
LaTeX Font Info:    Try loading font information for U+lasy on input line 35.

(/usr/share/texlive/texmf-dist/tex/latex/base/ulasy.fd
File: ulasy.fd 1998/08/17 v2.2e LaTeX symbol font definitions
) (./plot.tex
\plotpoint=\box81
)
Overfull \hbox (121.35864pt too wide) in paragraph at lines 81--41
 [] 
 []


LaTeX Warning: Citation `shen2016socio' on page 1 undefined on input line 45.


Overfull \hbox (6.15256pt too wide) in paragraph at lines 45--46
[]\OT1/cmr/m/n/9 Social con-nec-tiv-ity over so-cial net-work helps form-ing gr
oups
 []


Overfull \hbox (5.51962pt too wide) in paragraph at lines 45--46
\OT1/cmr/m/n/9 out-side phys-i-cal world. Lo-ca-tion based ser-vice through sma
rt-
 []


LaTeX Warning: Citation `zhu2014geo' on page 1 undefined on input line 50.


LaTeX Warning: Citation `zhu2014geo' on page 1 undefined on input line 50.


LaTeX Warning: Citation `yang2012socio' on page 1 undefined on input line 52.


LaTeX Warning: Citation `shen2016socio' on page 1 undefined on input line 52.


Overfull \hbox (3.11171pt too wide) in paragraph at lines 54--55
\OT1/cmr/m/n/9 fies min-i-mum ac-quain-tance con-straint within the group. 
 []

[1{/var/lib/texmf/fonts/map/pdftex/updmap/pdftex.map}


]
Overfull \hbox (7.01248pt too wide) in paragraph at lines 77--78
\OT1/cmr/m/n/9 av-er-age so-cial con-nec-tiv-ity should be ranked higher. 
 []

Package epstopdf Info: Source file: <drawing2.eps>
(epstopdf)                    date: 2017-03-13 01:18:28
(epstopdf)                    size: 24784 bytes
(epstopdf)             Output file: <drawing2-eps-converted-to.pdf>
(epstopdf)                    date: 2017-03-16 23:11:10
(epstopdf)                    size: 12066 bytes
(epstopdf)             Command: <repstopdf --outfile=drawing2-eps-converted-to.
pdf drawing2.eps>
(epstopdf)             \includegraphics on input line 99.
Package epstopdf Info: Output file is already uptodate.
<drawing2-eps-converted-to.pdf, id=14, 446.66875pt x 451.6875pt>
File: drawing2-eps-converted-to.pdf Graphic file (type pdf)

<use drawing2-eps-converted-to.pdf>
Package pdftex.def Info: drawing2-eps-converted-to.pdf used on input line 99.
(pdftex.def)             Requested size: 95.99854pt x 97.07645pt.


LaTeX Warning: Citation `yang2012socio' on page 2 undefined on input line 106.

[2 <./drawing2-eps-converted-to.pdf>] [3]

Package amsmath Warning: Cannot use `split' here;
(amsmath)                trying to recover with `aligned' on input line 254.

\c@Lemma=\count171

Overfull \hbox (9.31645pt too wide) in paragraph at lines 268--269
[]\OT1/cmr/m/it/9 For any mem-ber $\OML/cmm/m/it/9 v; v [] V[]$\OT1/cmr/m/it/9 
, if $\OML/cmm/m/it/9 f\OT1/cmr/m/n/9 (\OML/cmm/m/it/9 v; V[]\OT1/cmr/m/n/9 ) \
OML/cmm/m/it/9 < [][][]$\OT1/cmr/m/it/9 ,
 []


Package amsmath Warning: Cannot use `split' here;
(amsmath)                trying to recover with `aligned' on input line 278.


Underfull \vbox (badness 2894) has occurred while \output is active []

 [4]
Package epstopdf Info: Source file: <connection.eps>
(epstopdf)                    date: 2017-03-13 01:11:31
(epstopdf)                    size: 11388 bytes
(epstopdf)             Output file: <connection-eps-converted-to.pdf>
(epstopdf)                    date: 2017-03-16 23:11:10
(epstopdf)                    size: 6633 bytes
(epstopdf)             Command: <repstopdf --outfile=connection-eps-converted-t
o.pdf connection.eps>
(epstopdf)             \includegraphics on input line 455.
Package epstopdf Info: Output file is already uptodate.

<connection-eps-converted-to.pdf, id=44, 489.83pt x 345.29pt>
File: connection-eps-converted-to.pdf Graphic file (type pdf)

<use connection-eps-converted-to.pdf>
Package pdftex.def Info: connection-eps-converted-to.pdf used on input line 455
.
(pdftex.def)             Requested size: 72.00073pt x 50.75333pt.

Underfull \hbox (badness 10000) in paragraph at lines 456--456
\OT1/cmr/bx/n/9 cial layer of
 []


Underfull \hbox (badness 10000) in paragraph at lines 454--458
[]\OT1/cmr/m/n/9 Explanation: Ta-ble  1[] shows dis-tance from
 []


Underfull \hbox (badness 1264) in paragraph at lines 458--462
\OT1/cmr/m/n/9 where Fig-ure 2[] rep-re-sents so-cial
 []

[5 <./connection-eps-converted-to.pdf>]

Package amsmath Warning: Cannot use `split' here;
(amsmath)                trying to recover with `aligned' on input line 526.


Package amsmath Warning: Cannot use `split' here;
(amsmath)                trying to recover with `aligned' on input line 543.


Overfull \hbox (5.59923pt too wide) in paragraph at lines 564--564
[]\secfnt PRUNING STRAT-EGY FOR NEXT MEET-
 []


Overfull \hbox (7.64362pt too wide) in paragraph at lines 588--588
[] 
 []


LaTeX Warning: Float too large for page by 11.58128pt on input line 729.

(./draft12.bbl [6] [7]) [8

] (./draft12.aux)

LaTeX Warning: There were undefined references.

 ) 
Here is how much of TeX's memory you used:
 21520 strings out of 495028
 482068 string characters out of 6181496
 689323 words of memory out of 5000000
 24244 multiletter control sequences out of 15000+600000
 21508 words of font info for 55 fonts, out of 8000000 for 9000
 14 hyphenation exceptions out of 8191
 56i,27n,74p,1534b,669s stack positions out of 5000i,500n,10000p,200000b,80000s
{/usr/share/texlive/texmf-dist/fonts/enc/dvips/base/8r.enc}</usr/share/texliv
e/texmf-dist/fonts/type1/public/amsfonts/cm/cmbx7.pfb></usr/share/texlive/texmf
-dist/fonts/type1/public/amsfonts/cm/cmbx9.pfb></usr/share/texlive/texmf-dist/f
onts/type1/public/amsfonts/cm/cmcsc10.pfb></usr/share/texlive/texmf-dist/fonts/
type1/public/amsfonts/cmextra/cmex9.pfb></usr/share/texlive/texmf-dist/fonts/ty
pe1/public/amsfonts/cm/cmmi5.pfb></usr/share/texlive/texmf-dist/fonts/type1/pub
lic/amsfonts/cm/cmmi6.pfb></usr/share/texlive/texmf-dist/fonts/type1/public/ams
fonts/cm/cmmi9.pfb></usr/share/texlive/texmf-dist/fonts/type1/public/amsfonts/c
m/cmr6.pfb></usr/share/texlive/texmf-dist/fonts/type1/public/amsfonts/cm/cmr9.p
fb></usr/share/texlive/texmf-dist/fonts/type1/public/amsfonts/cm/cmsy5.pfb></us
r/share/texlive/texmf-dist/fonts/type1/public/amsfonts/cm/cmsy6.pfb></usr/share
/texlive/texmf-dist/fonts/type1/public/amsfonts/cm/cmsy9.pfb></usr/share/texliv
e/texmf-dist/fonts/type1/public/amsfonts/cm/cmti9.pfb></usr/share/texlive/texmf
-dist/fonts/type1/public/amsfonts/cm/cmtt9.pfb></usr/share/texlive/texmf-dist/f
onts/type1/public/amsfonts/symbols/msbm10.pfb></usr/share/texlive/texmf-dist/fo
nts/type1/urw/helvetic/uhvb8a.pfb></usr/share/texlive/texmf-dist/fonts/type1/ur
w/times/utmb8a.pfb>
Output written on draft12.pdf (8 pages, 247475 bytes).
PDF statistics:
 121 PDF objects out of 1000 (max. 8388607)
 85 compressed objects within 1 object stream
 0 named destinations out of 1000 (max. 500000)
 23 words of extra memory for PDF output out of 10000 (max. 10000000)

